{
  "RSpec": {
    "coverage": {
      "/Users/cm0k/repos_ai/leechtop.com-downloader/lib/leechtop_downloader.rb": {
        "lines": [
          null,
          null,
          null,
          1,
          1,
          null,
          1,
          1,
          null,
          null,
          1,
          1,
          1
        ],
        "branches": {}
      },
      "/Users/cm0k/repos_ai/leechtop.com-downloader/lib/leechtop_downloader/file_manager.rb": {
        "lines": [
          null,
          null,
          null,
          1,
          1,
          null,
          1,
          null,
          1,
          1,
          null,
          null,
          2,
          1,
          null,
          6,
          6,
          6,
          null,
          6,
          null,
          null,
          6,
          6,
          null,
          6,
          null,
          null,
          2,
          1,
          6,
          null,
          3,
          3,
          3,
          null,
          null,
          2,
          1,
          3,
          3,
          4,
          4,
          3,
          3,
          null,
          1,
          null,
          null,
          null,
          2,
          1,
          6,
          6,
          18,
          6,
          6,
          null,
          null,
          6,
          null,
          null,
          null
        ],
        "branches": {
          "[:unless, 0, 31, 6, 31, 90]": {
            "[:else, 1, 31, 6, 31, 90]": 3,
            "[:then, 2, 31, 6, 31, 30]": 3
          },
          "[:unless, 3, 43, 8, 46, 11]": {
            "[:else, 4, 43, 8, 46, 11]": 1,
            "[:then, 5, 44, 10, 45, 21]": 3
          },
          "[:while, 6, 55, 8, 58, 11]": {
            "[:body, 7, 56, 10, 57, 41]": 6
          }
        }
      },
      "/Users/cm0k/repos_ai/leechtop.com-downloader/lib/leechtop_downloader/client.rb": {
        "lines": [
          null,
          null,
          null,
          1,
          1,
          1,
          1,
          1,
          null,
          1,
          null,
          1,
          1,
          null,
          1,
          null,
          null,
          2,
          1,
          4,
          4,
          null,
          1,
          null,
          1,
          null,
          1,
          null,
          null,
          2,
          1,
          6,
          5,
          3,
          null,
          null,
          2,
          1,
          6,
          6,
          null,
          5,
          null,
          null,
          2,
          1,
          5,
          null,
          5,
          5,
          null,
          4,
          4,
          null,
          null,
          3,
          null,
          null,
          null,
          null,
          null,
          2,
          1,
          3,
          3,
          3,
          null,
          3,
          null,
          2,
          null,
          null,
          2,
          1,
          2,
          2,
          null,
          2,
          null,
          1,
          null,
          null,
          null
        ],
        "branches": {
          "[:unless, 0, 40, 6, 40, 88]": {
            "[:else, 1, 40, 6, 40, 88]": 5,
            "[:then, 2, 40, 6, 40, 58]": 1
          },
          "[:unless, 3, 50, 6, 50, 66]": {
            "[:else, 4, 50, 6, 50, 66]": 4,
            "[:then, 5, 50, 6, 50, 52]": 1
          },
          "[:unless, 6, 53, 6, 53, 66]": {
            "[:else, 7, 53, 6, 53, 66]": 3,
            "[:then, 8, 53, 6, 53, 47]": 1
          },
          "[:unless, 9, 68, 6, 68, 98]": {
            "[:else, 10, 68, 6, 68, 98]": 2,
            "[:then, 11, 68, 6, 68, 63]": 1
          },
          "[:if, 12, 78, 6, 78, 98]": {
            "[:then, 13, 78, 6, 78, 55]": 1,
            "[:else, 14, 78, 6, 78, 98]": 1
          }
        }
      },
      "/Users/cm0k/repos_ai/leechtop.com-downloader/lib/leechtop_downloader/cli.rb": {
        "lines": [
          null,
          null,
          null,
          1,
          1,
          null,
          1,
          null,
          1,
          1,
          null,
          1,
          1,
          null,
          null,
          1,
          null,
          1,
          5,
          2,
          2,
          null,
          null,
          3,
          3,
          null,
          null,
          null,
          1,
          null,
          2,
          1,
          3,
          3,
          null,
          3,
          2,
          2,
          2,
          null,
          1,
          null,
          null,
          null,
          null,
          2,
          1,
          2,
          1,
          null,
          null,
          1,
          null,
          null,
          null,
          null
        ],
        "branches": {
          "[:if, 0, 19, 6, 22, 9]": {
            "[:then, 1, 20, 8, 21, 14]": 2,
            "[:else, 2, 19, 6, 22, 9]": 3
          },
          "[:if, 3, 48, 6, 53, 9]": {
            "[:then, 4, 49, 8, 49, 54]": 1,
            "[:else, 5, 52, 8, 52, 43]": 1
          }
        }
      }
    },
    "timestamp": 1778354334
  }
}
